<?xml version="1.0" encoding="UTF-8"?>
<!-- Generated by org.testng.reporters.JUnitReportReporter -->
<testsuite hostname="DESKTOP-VTQUJNE" failures="0" tests="1" name="com.inetbanking.testCases.TC_LoginTest_001" time="2.726" errors="0" timestamp="04 Oct 2021 11:02:11 GMT" skipped="0">
  <testcase classname="com.inetbanking.testCases.TC_LoginTest_001" name="LoginTest" time="2.726"/>
</testsuite> <!-- com.inetbanking.testCases.TC_LoginTest_001 -->
